0 info it worked if it ends with ok
1 verbose cli [ 'C:\\Program Files\\nodejs\\\\node.exe',
1 verbose cli   'C:\\Program Files\\nodejs\\node_modules\\npm\\bin\\npm-cli.js',
1 verbose cli   'install',
1 verbose cli   '-g',
1 verbose cli   'yo@1.2.1' ]
2 info using npm@1.3.14
3 info using node@v0.10.22
4 verbose node symlink C:\Program Files\nodejs\\node.exe
5 verbose cache add [ 'yo@1.2.1', null ]
6 verbose cache add name=undefined spec="yo@1.2.1" args=["yo@1.2.1",null]
7 verbose parsed url { protocol: null,
7 verbose parsed url   slashes: null,
7 verbose parsed url   auth: null,
7 verbose parsed url   host: null,
7 verbose parsed url   port: null,
7 verbose parsed url   hostname: null,
7 verbose parsed url   hash: null,
7 verbose parsed url   search: null,
7 verbose parsed url   query: null,
7 verbose parsed url   pathname: 'yo@1.2.1',
7 verbose parsed url   path: 'yo@1.2.1',
7 verbose parsed url   href: 'yo@1.2.1' }
8 verbose cache add name="yo" spec="1.2.1" args=["yo","1.2.1"]
9 verbose parsed url { protocol: null,
9 verbose parsed url   slashes: null,
9 verbose parsed url   auth: null,
9 verbose parsed url   host: null,
9 verbose parsed url   port: null,
9 verbose parsed url   hostname: null,
9 verbose parsed url   hash: null,
9 verbose parsed url   search: null,
9 verbose parsed url   query: null,
9 verbose parsed url   pathname: '1.2.1',
9 verbose parsed url   path: '1.2.1',
9 verbose parsed url   href: '1.2.1' }
10 verbose addNamed [ 'yo', '1.2.1' ]
11 verbose addNamed [ '1.2.1', '1.2.1' ]
12 silly lockFile d0748f21-yo-1-2-1 yo@1.2.1
13 verbose lock yo@1.2.1 C:\Users\Oskar\AppData\Roaming\npm-cache\d0748f21-yo-1-2-1.lock
14 verbose url raw yo/1.2.1
15 verbose url resolving [ 'https://registry.npmjs.org/', './yo/1.2.1' ]
16 verbose url resolved https://registry.npmjs.org/yo/1.2.1
17 info trying registry request attempt 1 at 19:07:04
18 http GET https://registry.npmjs.org/yo/1.2.1
19 http 200 https://registry.npmjs.org/yo/1.2.1
20 silly registry.get cb [ 200,
20 silly registry.get   { date: 'Wed, 01 Oct 2014 17:07:06 GMT',
20 silly registry.get     server: 'CouchDB/1.5.0 (Erlang OTP/R14B04)',
20 silly registry.get     etag: '"9G05ROKJY2NRAYF45WQSIWBLW"',
20 silly registry.get     'content-type': 'application/json',
20 silly registry.get     'cache-control': 'max-age=60',
20 silly registry.get     'content-length': '1826',
20 silly registry.get     'accept-ranges': 'bytes',
20 silly registry.get     via: '1.1 varnish',
20 silly registry.get     age: '0',
20 silly registry.get     'x-served-by': 'cache-fra1233-FRA',
20 silly registry.get     'x-cache': 'MISS',
20 silly registry.get     'x-cache-hits': '0',
20 silly registry.get     'x-timer': 'S1412183226.681149,VS0,VE123',
20 silly registry.get     vary: 'Accept',
20 silly registry.get     'keep-alive': 'timeout=10, max=50',
20 silly registry.get     connection: 'Keep-Alive' } ]
21 silly lockFile 82cd725d-gistry-npmjs-org-yo-yo-1-2-1-tgz https://registry.npmjs.org/yo/-/yo-1.2.1.tgz
22 verbose lock https://registry.npmjs.org/yo/-/yo-1.2.1.tgz C:\Users\Oskar\AppData\Roaming\npm-cache\82cd725d-gistry-npmjs-org-yo-yo-1-2-1-tgz.lock
23 verbose addRemoteTarball [ 'https://registry.npmjs.org/yo/-/yo-1.2.1.tgz',
23 verbose addRemoteTarball   '95ca7731511534c782f5934fa0db6718487d1528' ]
24 info retry fetch attempt 1 at 19:07:05
25 verbose fetch to= C:\Users\Oskar\AppData\Local\Temp\npm-10236-T9qDB88L\1412183225394-0.17663246486335993\tmp.tgz
26 http GET https://registry.npmjs.org/yo/-/yo-1.2.1.tgz
27 http 200 https://registry.npmjs.org/yo/-/yo-1.2.1.tgz
28 verbose tar unpack C:\Users\Oskar\AppData\Local\Temp\npm-10236-T9qDB88L\1412183225394-0.17663246486335993\tmp.tgz
29 silly lockFile aac17c6e-5394-0-17663246486335993-package tar://C:\Users\Oskar\AppData\Local\Temp\npm-10236-T9qDB88L\1412183225394-0.17663246486335993\package
30 verbose lock tar://C:\Users\Oskar\AppData\Local\Temp\npm-10236-T9qDB88L\1412183225394-0.17663246486335993\package C:\Users\Oskar\AppData\Roaming\npm-cache\aac17c6e-5394-0-17663246486335993-package.lock
31 silly lockFile 88736966-5394-0-17663246486335993-tmp-tgz tar://C:\Users\Oskar\AppData\Local\Temp\npm-10236-T9qDB88L\1412183225394-0.17663246486335993\tmp.tgz
32 verbose lock tar://C:\Users\Oskar\AppData\Local\Temp\npm-10236-T9qDB88L\1412183225394-0.17663246486335993\tmp.tgz C:\Users\Oskar\AppData\Roaming\npm-cache\88736966-5394-0-17663246486335993-tmp-tgz.lock
33 silly gunzTarPerm modes [ '755', '644' ]
34 silly gunzTarPerm extractEntry package.json
35 silly gunzTarPerm extractEntry cli.js
36 silly gunzTarPerm extractEntry yoyo.js
37 silly gunzTarPerm extractEntry readme.md
38 silly gunzTarPerm extractEntry scripts/doctor.js
39 silly gunzTarPerm extractEntry yeoman.txt
40 silly lockFile aac17c6e-5394-0-17663246486335993-package tar://C:\Users\Oskar\AppData\Local\Temp\npm-10236-T9qDB88L\1412183225394-0.17663246486335993\package
41 silly lockFile aac17c6e-5394-0-17663246486335993-package tar://C:\Users\Oskar\AppData\Local\Temp\npm-10236-T9qDB88L\1412183225394-0.17663246486335993\package
42 silly lockFile 88736966-5394-0-17663246486335993-tmp-tgz tar://C:\Users\Oskar\AppData\Local\Temp\npm-10236-T9qDB88L\1412183225394-0.17663246486335993\tmp.tgz
43 silly lockFile 88736966-5394-0-17663246486335993-tmp-tgz tar://C:\Users\Oskar\AppData\Local\Temp\npm-10236-T9qDB88L\1412183225394-0.17663246486335993\tmp.tgz
44 verbose tar pack [ 'C:\\Users\\Oskar\\AppData\\Roaming\\npm-cache\\yo\\1.2.1\\package.tgz',
44 verbose tar pack   'C:\\Users\\Oskar\\AppData\\Local\\Temp\\npm-10236-T9qDB88L\\1412183225394-0.17663246486335993\\package' ]
45 verbose tarball C:\Users\Oskar\AppData\Roaming\npm-cache\yo\1.2.1\package.tgz
46 verbose folder C:\Users\Oskar\AppData\Local\Temp\npm-10236-T9qDB88L\1412183225394-0.17663246486335993\package
47 silly lockFile aac17c6e-5394-0-17663246486335993-package tar://C:\Users\Oskar\AppData\Local\Temp\npm-10236-T9qDB88L\1412183225394-0.17663246486335993\package
48 verbose lock tar://C:\Users\Oskar\AppData\Local\Temp\npm-10236-T9qDB88L\1412183225394-0.17663246486335993\package C:\Users\Oskar\AppData\Roaming\npm-cache\aac17c6e-5394-0-17663246486335993-package.lock
49 silly lockFile 13ffc942-g-npm-cache-yo-1-2-1-package-tgz tar://C:\Users\Oskar\AppData\Roaming\npm-cache\yo\1.2.1\package.tgz
50 verbose lock tar://C:\Users\Oskar\AppData\Roaming\npm-cache\yo\1.2.1\package.tgz C:\Users\Oskar\AppData\Roaming\npm-cache\13ffc942-g-npm-cache-yo-1-2-1-package-tgz.lock
51 silly lockFile aac17c6e-5394-0-17663246486335993-package tar://C:\Users\Oskar\AppData\Local\Temp\npm-10236-T9qDB88L\1412183225394-0.17663246486335993\package
52 silly lockFile aac17c6e-5394-0-17663246486335993-package tar://C:\Users\Oskar\AppData\Local\Temp\npm-10236-T9qDB88L\1412183225394-0.17663246486335993\package
53 silly lockFile 13ffc942-g-npm-cache-yo-1-2-1-package-tgz tar://C:\Users\Oskar\AppData\Roaming\npm-cache\yo\1.2.1\package.tgz
54 silly lockFile 13ffc942-g-npm-cache-yo-1-2-1-package-tgz tar://C:\Users\Oskar\AppData\Roaming\npm-cache\yo\1.2.1\package.tgz
55 silly lockFile beb60626-aming-npm-cache-yo-1-2-1-package C:\Users\Oskar\AppData\Roaming\npm-cache\yo\1.2.1\package
56 verbose lock C:\Users\Oskar\AppData\Roaming\npm-cache\yo\1.2.1\package C:\Users\Oskar\AppData\Roaming\npm-cache\beb60626-aming-npm-cache-yo-1-2-1-package.lock
57 silly lockFile beb60626-aming-npm-cache-yo-1-2-1-package C:\Users\Oskar\AppData\Roaming\npm-cache\yo\1.2.1\package
58 silly lockFile beb60626-aming-npm-cache-yo-1-2-1-package C:\Users\Oskar\AppData\Roaming\npm-cache\yo\1.2.1\package
59 verbose tar unpack C:\Users\Oskar\AppData\Roaming\npm-cache\yo\1.2.1\package.tgz
60 silly lockFile bbd2eb13-aming-npm-cache-yo-1-2-1-package tar://C:\Users\Oskar\AppData\Roaming\npm-cache\yo\1.2.1\package
61 verbose lock tar://C:\Users\Oskar\AppData\Roaming\npm-cache\yo\1.2.1\package C:\Users\Oskar\AppData\Roaming\npm-cache\bbd2eb13-aming-npm-cache-yo-1-2-1-package.lock
62 silly lockFile 13ffc942-g-npm-cache-yo-1-2-1-package-tgz tar://C:\Users\Oskar\AppData\Roaming\npm-cache\yo\1.2.1\package.tgz
63 verbose lock tar://C:\Users\Oskar\AppData\Roaming\npm-cache\yo\1.2.1\package.tgz C:\Users\Oskar\AppData\Roaming\npm-cache\13ffc942-g-npm-cache-yo-1-2-1-package-tgz.lock
64 silly gunzTarPerm modes [ '755', '644' ]
65 silly gunzTarPerm extractEntry package.json
66 silly gunzTarPerm modified mode [ 'package.json', 438, 420 ]
67 silly gunzTarPerm extractEntry cli.js
68 silly gunzTarPerm modified mode [ 'cli.js', 438, 420 ]
69 silly gunzTarPerm extractEntry yoyo.js
70 silly gunzTarPerm modified mode [ 'yoyo.js', 438, 420 ]
71 silly gunzTarPerm extractEntry readme.md
72 silly gunzTarPerm modified mode [ 'readme.md', 438, 420 ]
73 silly gunzTarPerm extractEntry scripts/doctor.js
74 silly gunzTarPerm modified mode [ 'scripts/doctor.js', 438, 420 ]
75 silly gunzTarPerm extractEntry yeoman.txt
76 silly gunzTarPerm modified mode [ 'yeoman.txt', 438, 420 ]
77 silly lockFile bbd2eb13-aming-npm-cache-yo-1-2-1-package tar://C:\Users\Oskar\AppData\Roaming\npm-cache\yo\1.2.1\package
78 silly lockFile bbd2eb13-aming-npm-cache-yo-1-2-1-package tar://C:\Users\Oskar\AppData\Roaming\npm-cache\yo\1.2.1\package
79 silly lockFile 13ffc942-g-npm-cache-yo-1-2-1-package-tgz tar://C:\Users\Oskar\AppData\Roaming\npm-cache\yo\1.2.1\package.tgz
80 silly lockFile 13ffc942-g-npm-cache-yo-1-2-1-package-tgz tar://C:\Users\Oskar\AppData\Roaming\npm-cache\yo\1.2.1\package.tgz
81 verbose chmod C:\Users\Oskar\AppData\Roaming\npm-cache\yo\1.2.1\package.tgz 644
82 silly chown skipping for windows C:\Users\Oskar\AppData\Roaming\npm-cache\yo\1.2.1\package.tgz
83 silly lockFile 82cd725d-gistry-npmjs-org-yo-yo-1-2-1-tgz https://registry.npmjs.org/yo/-/yo-1.2.1.tgz
84 silly lockFile 82cd725d-gistry-npmjs-org-yo-yo-1-2-1-tgz https://registry.npmjs.org/yo/-/yo-1.2.1.tgz
85 silly lockFile d0748f21-yo-1-2-1 yo@1.2.1
86 silly lockFile d0748f21-yo-1-2-1 yo@1.2.1
87 silly resolved [ { name: 'yo',
87 silly resolved     version: '1.2.1',
87 silly resolved     description: 'CLI tool for running Yeoman generators',
87 silly resolved     license: 'BSD',
87 silly resolved     bin: { yo: 'cli.js' },
87 silly resolved     author: { name: 'The Yeoman Team' },
87 silly resolved     repository: { type: 'git', url: 'git://github.com/yeoman/yo' },
87 silly resolved     engines: { node: '>=0.10.0', npm: '>=1.4.3' },
87 silly resolved     scripts:
87 silly resolved      { test: 'grunt',
87 silly resolved        postinstall: 'node ./scripts/doctor',
87 silly resolved        postupdate: 'node ./scripts/doctor' },
87 silly resolved     files: [ 'cli.js', 'yoyo.js', 'yeoman.txt', 'scripts' ],
87 silly resolved     keywords:
87 silly resolved      [ 'front-end',
87 silly resolved        'development',
87 silly resolved        'dev',
87 silly resolved        'build',
87 silly resolved        'web',
87 silly resolved        'tool',
87 silly resolved        'cli',
87 silly resolved        'scaffold',
87 silly resolved        'stack',
87 silly resolved        'yeoman',
87 silly resolved        'generator',
87 silly resolved        'app' ],
87 silly resolved     dependencies:
87 silly resolved      { async: '^0.9.0',
87 silly resolved        chalk: '^0.5.0',
87 silly resolved        findup: '^0.1.3',
87 silly resolved        fullname: '^0.1.0',
87 silly resolved        insight: '^0.3.1',
87 silly resolved        'is-root': '^0.1.0',
87 silly resolved        lodash: '^2.4.1',
87 silly resolved        multiline: '^0.3.4',
87 silly resolved        nopt: '^3.0.0',
87 silly resolved        opn: '^0.1.1',
87 silly resolved        shelljs: '^0.3.0',
87 silly resolved        'string-length': '^0.1.2',
87 silly resolved        'sudo-block': '^0.4.0',
87 silly resolved        'update-notifier': '^0.2.0',
87 silly resolved        'yeoman-generator': '^0.17.1',
87 silly resolved        yosay: '^0.3.0' },
87 silly resolved     peerDependencies: { 'grunt-cli': '>=0.1.7', bower: '>=1.0.0' },
87 silly resolved     devDependencies:
87 silly resolved      { grunt: '^0.4.2',
87 silly resolved        'grunt-contrib-jshint': '^0.10.0',
87 silly resolved        'grunt-contrib-watch': '^0.6.1',
87 silly resolved        'grunt-mocha-test': '^0.11.0',
87 silly resolved        mockery: '^1.4.0',
87 silly resolved        sinon: '^1.10.3' },
87 silly resolved     engineStrict: true,
87 silly resolved     preferGlobal: true,
87 silly resolved     readme: '# yo [![Build Status](https://travis-ci.org/yeoman/yo.svg?branch=master)](https://travis-ci.org/yeoman/yo) ![](http://img.shields.io/badge/unicorn-approved-ff69b4.svg)\n\n> CLI tool for running Yeoman [generators](yeoman.io/generators/community.html).\n\n![](screenshot.png)\n\n\n## [Documentation](https://github.com/yeoman/yeoman/wiki)\n\n\n## Options\n\n- `--no-color` flag to disable colors.\n- `--version` (`-v`) Print the current `yo` version.\n- `--help` (`-h`) Print `yo` help menu with the list of found generators\n- `--[no-]insight` to toggle anonymous [Insight](https://github.com/yeoman/insight) tracking which helps us improve Yeoman. Using either of these flags on the first run will prevent you from being prompted about it interactively. The flags can also be used to change it later on.\n- `--generators` will output the available generators\n\n\n## Troubleshooting\n\nRunning `yo doctor` command can help you troubleshoot common issues.\n\nIf `doctor` doesn\'t help, then check opened issues for a similar problem. Open a new issue if your problem haven\'t been reported yet. Make sure to always include the version of `yo` (`yo --version`) and Node.js (`node --version`) you use.\n\nIf your issue only occur using a generator, please report the issues on the generator\'s repository.\n\n\n## Contribute\n\nSee the [contributing docs](https://github.com/yeoman/yeoman/blob/master/contributing.md).\n\n\n## Changelog\n\nSee the [release page](https://github.com/yeoman/yo/releases).\n\n\n## License\n\n[BSD license](http://opensource.org/licenses/bsd-license.php) and copyright Google.\n',
87 silly resolved     readmeFilename: 'readme.md',
87 silly resolved     bugs: { url: 'https://github.com/yeoman/yo/issues' },
87 silly resolved     homepage: 'https://github.com/yeoman/yo',
87 silly resolved     _id: 'yo@1.2.1',
87 silly resolved     dist: { shasum: '35c33ace4af38c970a69308740bba20b51ec1a26' },
87 silly resolved     _from: 'yo@1.2.1',
87 silly resolved     _resolved: 'https://registry.npmjs.org/yo/-/yo-1.2.1.tgz' } ]
88 info install yo@1.2.1 into C:\Users\Oskar\AppData\Roaming\npm
89 info installOne yo@1.2.1
90 error notsup Unsupported
90 error notsup Not compatible with your version of node/npm: yo@1.2.1
90 error notsup Required: {"node":">=0.10.0","npm":">=1.4.3"}
90 error notsup Actual:   {"npm":"1.3.14","node":"v0.10.22"}
91 error System Windows_NT 6.2.9200
92 error command "C:\\Program Files\\nodejs\\\\node.exe" "C:\\Program Files\\nodejs\\node_modules\\npm\\bin\\npm-cli.js" "install" "-g" "yo@1.2.1"
93 error cwd C:\Users\Oskar\workspaces\blog
94 error node -v v0.10.22
95 error npm -v 1.3.14
96 error code ENOTSUP
97 verbose exit [ 1, true ]
